<?xml version="1.0" encoding="UTF-8"?>
<testsuite xmlns:xsi="http://www.w3.org/2001/XMLSchema-instance" xsi:noNamespaceSchemaLocation="https://maven.apache.org/surefire/maven-surefire-plugin/xsd/surefire-test-report-3.0.xsd" version="3.0" name="io.zeebe.AppTest" time="0.024" tests="1" errors="0" skipped="0" failures="0">
  <properties>
    <property name="java.specification.version" value="21"/>
    <property name="sun.cpu.isalist" value="amd64"/>
    <property name="sun.jnu.encoding" value="Cp1252"/>
    <property name="java.class.path" value="C:\Users\KamruzzamanUddin\Desktop\tickets\samples\exporter\zeebe-exporter-demo\target\test-classes;C:\Users\KamruzzamanUddin\Desktop\tickets\samples\exporter\zeebe-exporter-demo\target\classes;C:\Users\KamruzzamanUddin\.m2\repository\io\camunda\zeebe-exporter-api\8.6.7\zeebe-exporter-api-8.6.7.jar;C:\Users\KamruzzamanUddin\.m2\repository\io\camunda\zeebe-protocol\8.6.7\zeebe-protocol-8.6.7.jar;C:\Users\KamruzzamanUddin\.m2\repository\org\agrona\agrona\1.23.1\agrona-1.23.1.jar;C:\Users\KamruzzamanUddin\.m2\repository\org\slf4j\slf4j-api\2.0.16\slf4j-api-2.0.16.jar;C:\Users\KamruzzamanUddin\.m2\repository\io\micrometer\micrometer-core\1.13.9\micrometer-core-1.13.9.jar;C:\Users\KamruzzamanUddin\.m2\repository\io\micrometer\micrometer-commons\1.13.9\micrometer-commons-1.13.9.jar;C:\Users\KamruzzamanUddin\.m2\repository\io\micrometer\micrometer-observation\1.13.9\micrometer-observation-1.13.9.jar;C:\Users\KamruzzamanUddin\.m2\repository\org\hdrhistogram\HdrHistogram\2.2.2\HdrHistogram-2.2.2.jar;C:\Users\KamruzzamanUddin\.m2\repository\org\latencyutils\LatencyUtils\2.0.3\LatencyUtils-2.0.3.jar;C:\Users\KamruzzamanUddin\.m2\repository\junit\junit\3.8.1\junit-3.8.1.jar;"/>
    <property name="java.vm.vendor" value="Amazon.com Inc."/>
    <property name="sun.arch.data.model" value="64"/>
    <property name="user.variant" value=""/>
    <property name="java.vendor.url" value="https://aws.amazon.com/corretto/"/>
    <property name="user.timezone" value="Europe/London"/>
    <property name="os.name" value="Windows 11"/>
    <property name="java.vm.specification.version" value="21"/>
    <property name="sun.java.launcher" value="SUN_STANDARD"/>
    <property name="user.country" value="GB"/>
    <property name="sun.boot.library.path" value="C:\Program Files\Amazon Corretto\jdk21.0.4_7\bin"/>
    <property name="sun.java.command" value="C:\Users\KamruzzamanUddin\AppData\Local\Temp\surefire16850686458193719425\surefirebooter-20250207141816641_3.jar C:\Users\KamruzzamanUddin\AppData\Local\Temp\surefire16850686458193719425 2025-02-07T14-18-15_633-jvmRun1 surefire-20250207141816641_1tmp surefire_0-20250207141816641_2tmp"/>
    <property name="jdk.debug" value="release"/>
    <property name="surefire.test.class.path" value="C:\Users\KamruzzamanUddin\Desktop\tickets\samples\exporter\zeebe-exporter-demo\target\test-classes;C:\Users\KamruzzamanUddin\Desktop\tickets\samples\exporter\zeebe-exporter-demo\target\classes;C:\Users\KamruzzamanUddin\.m2\repository\io\camunda\zeebe-exporter-api\8.6.7\zeebe-exporter-api-8.6.7.jar;C:\Users\KamruzzamanUddin\.m2\repository\io\camunda\zeebe-protocol\8.6.7\zeebe-protocol-8.6.7.jar;C:\Users\KamruzzamanUddin\.m2\repository\org\agrona\agrona\1.23.1\agrona-1.23.1.jar;C:\Users\KamruzzamanUddin\.m2\repository\org\slf4j\slf4j-api\2.0.16\slf4j-api-2.0.16.jar;C:\Users\KamruzzamanUddin\.m2\repository\io\micrometer\micrometer-core\1.13.9\micrometer-core-1.13.9.jar;C:\Users\KamruzzamanUddin\.m2\repository\io\micrometer\micrometer-commons\1.13.9\micrometer-commons-1.13.9.jar;C:\Users\KamruzzamanUddin\.m2\repository\io\micrometer\micrometer-observation\1.13.9\micrometer-observation-1.13.9.jar;C:\Users\KamruzzamanUddin\.m2\repository\org\hdrhistogram\HdrHistogram\2.2.2\HdrHistogram-2.2.2.jar;C:\Users\KamruzzamanUddin\.m2\repository\org\latencyutils\LatencyUtils\2.0.3\LatencyUtils-2.0.3.jar;C:\Users\KamruzzamanUddin\.m2\repository\junit\junit\3.8.1\junit-3.8.1.jar;"/>
    <property name="sun.cpu.endian" value="little"/>
    <property name="user.home" value="C:\Users\KamruzzamanUddin"/>
    <property name="user.language" value="en"/>
    <property name="java.specification.vendor" value="Oracle Corporation"/>
    <property name="java.version.date" value="2024-07-16"/>
    <property name="java.home" value="C:\Program Files\Amazon Corretto\jdk21.0.4_7"/>
    <property name="file.separator" value="\"/>
    <property name="basedir" value="C:\Users\KamruzzamanUddin\Desktop\tickets\samples\exporter\zeebe-exporter-demo"/>
    <property name="java.vm.compressedOopsMode" value="Zero based"/>
    <property name="line.separator" value="&#10;"/>
    <property name="java.vm.specification.vendor" value="Oracle Corporation"/>
    <property name="java.specification.name" value="Java Platform API Specification"/>
    <property name="surefire.real.class.path" value="C:\Users\KamruzzamanUddin\AppData\Local\Temp\surefire16850686458193719425\surefirebooter-20250207141816641_3.jar"/>
    <property name="user.script" value=""/>
    <property name="sun.management.compiler" value="HotSpot 64-Bit Tiered Compilers"/>
    <property name="java.runtime.version" value="21.0.4+7-LTS"/>
    <property name="user.name" value="KamruzzamanUddin"/>
    <property name="stdout.encoding" value="Cp1252"/>
    <property name="path.separator" value=";"/>
    <property name="os.version" value="10.0"/>
    <property name="java.runtime.name" value="OpenJDK Runtime Environment"/>
    <property name="file.encoding" value="UTF-8"/>
    <property name="java.vm.name" value="OpenJDK 64-Bit Server VM"/>
    <property name="java.vendor.version" value="Corretto-21.0.4.7.1"/>
    <property name="localRepository" value="C:\Users\KamruzzamanUddin\.m2\repository"/>
    <property name="java.vendor.url.bug" value="https://github.com/corretto/corretto-21/issues/"/>
    <property name="java.io.tmpdir" value="C:\Users\KAMRUZ~1\AppData\Local\Temp\"/>
    <property name="java.version" value="21.0.4"/>
    <property name="user.dir" value="C:\Users\KamruzzamanUddin\Desktop\tickets\samples\exporter\zeebe-exporter-demo"/>
    <property name="os.arch" value="amd64"/>
    <property name="java.vm.specification.name" value="Java Virtual Machine Specification"/>
    <property name="sun.os.patch.level" value=""/>
    <property name="native.encoding" value="Cp1252"/>
    <property name="java.library.path" value="C:\Program Files\Amazon Corretto\jdk21.0.4_7\bin;C:\WINDOWS\Sun\Java\bin;C:\WINDOWS\system32;C:\WINDOWS;C:\Users\KamruzzamanUddin\.asdf\shims;C:\Users\KamruzzamanUddin\.asdf\bin;C:\Program Files\Git\mingw64\bin;C:\Program Files\Git\usr\bin;C:\Users\KamruzzamanUddin\bin;C:\Program Files\Amazon Corretto\jdk21.0.4_7\bin;C:\Program Files\Amazon Corretto\jdk17.0.8_8\bin;C:\WINDOWS\system32;C:\WINDOWS;C:\WINDOWS\System32\Wbem;C:\WINDOWS\System32\WindowsPowerShell\v1.0;C:\WINDOWS\System32\OpenSSH;D:\apps\kind;D:\apps\helm;C:\Program Files\Git\cmd;D:\apps\apache-maven-3.9.4\bin;C:\Program Files\nodejs;C:\Program Files\OpenSSL-Win64\bin;C:\Program Files (x86)\Microsoft SQL Server\160\DTS\Binn;C:\Program Files\Azure Data Studio\bin;C:\WINDOWS\system32\config\systemprofile\AppData\Local\Microsoft\WindowsApps;C:\bin;C:\Program Files (x86)\WindowsPowerShell\Scripts;C:\Program Files\Amazon\AWSCLIV2;C:\Program Files\RedHat\Podman;C:\Program Files\Red Hat OpenShift Local;C:\Program Files\Docker\Docker\resources\bin;C:\Users\KamruzzamanUddin\scoop\shims;C:\Users\KamruzzamanUddin\AppData\Local\Microsoft\WindowsApps;C:\Users\KamruzzamanUddin\AppData\Local\Programs\Microsoft VS Code\bin;C:\Program Files\JetBrains\IntelliJ IDEA 2023.2.2\bin;C:\Users\KamruzzamanUddin\AppData\Local\Microsoft\WinGet\Packages\Kubernetes.kubectl_Microsoft.Winget.Source_8wekyb3d8bbwe;C:\Users\KamruzzamanUddin\AppData\Roaming\npm;C:\Users\KamruzzamanUddin\AppData\Local\Microsoft\WinGet\Packages\ahmetb.kubectx_Microsoft.Winget.Source_8wekyb3d8bbwe;C:\Users\KamruzzamanUddin\AppData\Local\Microsoft\WinGet\Packages\ahmetb.kubens_Microsoft.Winget.Source_8wekyb3d8bbwe;C:\Users\KamruzzamanUddin\AppData\Local\Microsoft\WinGet\Packages\Derailed.k9s_Microsoft.Winget.Source_8wekyb3d8bbwe;C:\ProgramData\chocolatey\bin;D:\apps\proto3\bin;D:\apps\bin\tools;C:\Program Files\Azure Data Studio\bin;C:\Users\KamruzzamanUddin\.krew\bin;C:\Users\KamruzzamanUddin\AppData\Local\RedHat\OpenShift;C:\Program Files\Notepad++\notepad++.exe;."/>
    <property name="java.vm.info" value="mixed mode, sharing"/>
    <property name="stderr.encoding" value="Cp1252"/>
    <property name="java.vendor" value="Amazon.com Inc."/>
    <property name="java.vm.version" value="21.0.4+7-LTS"/>
    <property name="sun.io.unicode.encoding" value="UnicodeLittle"/>
    <property name="java.class.version" value="65.0"/>
  </properties>
  <testcase name="testApp" classname="io.zeebe.AppTest" time="0.004"/>
</testsuite>